<?xml version="1.0" encoding="UTF-8"?>
<!-- Generated by org.testng.reporters.JUnitReportReporter -->
<testsuite hostname="BSC-PG02E1P7" failures="0" tests="1" name="com.allegis.tests.FirstTestClass" time="19.274" errors="0" timestamp="2021-10-21T12:05:39 IST" skipped="0">
  <testcase classname="com.allegis.tests.FirstTestClass" name="firstTest" time="19.274"/>
  <system-out/>
</testsuite> <!-- com.allegis.tests.FirstTestClass -->
